Arguments: 
  C:\Program Files\nodejs\node.exe C:\Users\MC\AppData\Roaming\npm\node_modules\yarn\bin\yarn.js add jquery --dev

PATH: 
  D:\xftp6\;D:\xshell\;C:\Windows\system32;C:\Windows;C:\Windows\System32\Wbem;C:\Windows\System32\WindowsPowerShell\v1.0\;C:\Windows\System32\OpenSSH\;D:\OpenVPN\bin;C:\Program Files\TortoiseSVN\bin;C:\Program Files\nodejs\;D:\phpStudy\PHPTutorial\php\php-7.1.13-nts;C:\Program Files (x86);C:\composer;C:\Program Files\TortoiseGit\bin;C:\Program Files\NVIDIA Corporation\NVIDIA NGX;D:\phpStudy\PHPTutorial\php\php-5.6.27-nts;D:\install_dir\imagick\bin;C:\Program Files\Git\cmd;C:\WINDOWS\system32;C:\WINDOWS;C:\WINDOWS\System32\Wbem;C:\WINDOWS\System32\WindowsPowerShell\v1.0\;C:\WINDOWS\System32\OpenSSH\;C:\Program Files\Docker\Docker\resources\bin;C:\ProgramData\DockerDesktop\version-bin;C:\Program Files\mysql\mysql-8.0.22-winx64\bin;D:\360downloads\x86_64-8.1.0-release-posix-seh-rt_v6-rev0\mingw64\bin;C:\Python\;C:\Users\MC\AppData\Local\Microsoft\WindowsApps;C:\Users\MC\AppData\Roaming\Composer\vendor\bin;C:\Users\MC\AppData\Roaming\npm;D:\software\Microsoft VS Code\bin;C:\Users\MC\AppData\Local\atom\bin;C:\Program Files\MongoDB\Server\4.2\bin;C:\Program Files\mysql\mysql-8.0.22-winx64\bin;C:\Users\MC\AppData\Local\Microsoft\WindowsApps;

Yarn version: 
  1.22.10

Node version: 
  12.1.0

Platform: 
  win32 x64

Trace: 
  Error: ENOENT: no such file or directory, copyfile 'C:\Users\MC\AppData\Local\Yarn\Cache\v6\npm-ms-2.1.2-d09d1f357b443f493382a8eb3ccd183872ae6009-integrity\node_modules\ms\readme.md' -> 'D:\icode\web-notes\js\webpack\node_modules\@babel\core\node_modules\ms\readme.md'

npm manifest: 
  {
    "name": "webpack",
    "version": "1.0.0",
    "description": "",
    "main": "index.js",
    "scripts": {
      "dev": "cross-env NODE_ENV=development webpack serve --config webpack.config.js",
      "build": "cross-env NODE_ENV=production webpack --config webpack.config.js",
      "test": "echo \"Error: no test specified\" && exit 1"
    },
    "keywords": [],
    "author": "",
    "license": "ISC",
    "devDependencies": {
      "@babel/core": "^7.14.3",
      "@babel/plugin-transform-runtime": "^7.14.3",
      "@babel/preset-env": "^7.14.2",
      "babel-loader": "^8.2.2",
      "clean-webpack-plugin": "^4.0.0-alpha.0",
      "cross-env": "^7.0.3",
      "css-loader": "^5.2.6",
      "file-loader": "^6.2.0",
      "html-webpack-plugin": "^5.3.1",
      "html-withimg-loader": "^0.1.16",
      "mini-css-extract-plugin": "^1.6.0",
      "optimize-css-assets-webpack-plugin": "^6.0.0",
      "postcss-loader": "^5.3.0",
      "precss": "^4.0.0",
      "sass": "^1.34.0",
      "sass-loader": "^11.1.1",
      "style-loader": "^2.0.0",
      "terser-webpack-plugin": "^5.1.2",
      "webpack": "^5.37.1",
      "webpack-bundle-analyzer": "^4.4.2",
      "webpack-cli": "^4.7.0",
      "webpack-dev-server": "^3.11.2",
      "webpack-merge": "^5.7.3"
    },
    "dependencies": {
      "image-webpack-loader": "^7.0.1"
    }
  }

yarn manifest: 
  No manifest

Lockfile: 
  No lockfile
